  BoundingAABB.cpp
  BoundingOOBB.cpp
  BoundingSphere.cpp
  BoundingVolume.cpp
  CollisionDetection.cpp
  Debug.cpp
  GameClient.cpp
  GameObject.cpp
  GameServer.cpp
  GameWorld.cpp
  NavigationGrid.cpp
C:\Users\b8067791\source\repos\advance game\advanced_game\CSC8503\CSC8503Common\NavigationGrid.cpp(83,12): warning C4244: 'initializing': conversion from 'float' to 'int', possible loss of data
C:\Users\b8067791\source\repos\advance game\advanced_game\CSC8503\CSC8503Common\NavigationGrid.cpp(84,12): warning C4244: 'initializing': conversion from 'float' to 'int', possible loss of data
C:\Users\b8067791\source\repos\advance game\advanced_game\CSC8503\CSC8503Common\NavigationGrid.cpp(86,10): warning C4244: 'initializing': conversion from 'float' to 'int', possible loss of data
  NavigationMesh.cpp
  NetworkBase.cpp
  NetworkObject.cpp
  NetworkState.cpp
  PhysicsObject.cpp
  PhysicsSystem.cpp
  PositionConstraint.cpp
  PushdownMachine.cpp
  PushdownState.cpp
  Generating Code...
  Compiling...
  QuadTree.cpp
  RenderObject.cpp
  StateMachine.cpp
  StateTransition.cpp
  Transform.cpp
  Generating Code...
C:\Users\b8067791\source\repos\advance game\advanced_game\CSC8503\CSC8503Common\NavigationGrid.cpp(87,10): warning C4244: 'initializing': conversion from 'float' to 'int', possible loss of data
  CSC8503Common.vcxproj -> C:\Users\b8067791\source\repos\advance game\advanced_game\Win32\Debug\CSC8503Common.lib
